[21-Feb-2025 02:01:24 UTC] PHP Warning:  PHP Startup: Unable to load dynamic library 'mysqli' (tried: C:\php\ext\mysqli (The specified module could not be found), C:\php\ext\php_mysqli.dll (The specified module could not be found)) in Unknown on line 0
[21-Feb-2025 02:01:24 UTC] PHP Warning:  PHP Startup: Unable to load dynamic library 'pdo_mysql' (tried: C:\php\ext\pdo_mysql (The specified module could not be found), C:\php\ext\php_pdo_mysql.dll (The specified module could not be found)) in Unknown on line 0
[21-Feb-2025 02:01:24 UTC] PHP Warning:  PHP Startup: Unable to load dynamic library 'openssl' (tried: C:\php\ext\openssl (The specified module could not be found), C:\php\ext\php_openssl.dll (The specified module could not be found)) in Unknown on line 0
[21-Feb-2025 02:01:24 UTC] PHP Warning:  PHP Startup: Unable to load dynamic library 'mbstring' (tried: C:\php\ext\mbstring (The specified module could not be found), C:\php\ext\php_mbstring.dll (The specified module could not be found)) in Unknown on line 0
[21-Feb-2025 02:01:24 UTC] PHP Warning:  PHP Startup: Unable to load dynamic library 'gd' (tried: C:\php\ext\gd (The specified module could not be found), C:\php\ext\php_gd.dll (The specified module could not be found)) in Unknown on line 0
[21-Feb-2025 02:01:24 UTC] PHP Warning:  PHP Startup: Unable to load dynamic library 'curl' (tried: C:\php\ext\curl (The specified module could not be found), C:\php\ext\php_curl.dll (The specified module could not be found)) in Unknown on line 0
[21-Feb-2025 02:01:24 UTC] PHP Warning:  PHP Startup: Unable to load dynamic library 'fileinfo' (tried: C:\php\ext\fileinfo (The specified module could not be found), C:\php\ext\php_fileinfo.dll (The specified module could not be found)) in Unknown on line 0
[21-Feb-2025 10:01:24 Asia/Singapore] PHP Fatal error:  Uncaught Error: Class "mysqli" not found in C:\Users\user\Documents\SITstuffs\CloudC\cp1\database\dbConn.php:10
Stack trace:
#0 C:\Users\user\Documents\SITstuffs\CloudC\cp1\index.php(17): getDbConnection()
#1 {main}
  thrown in C:\Users\user\Documents\SITstuffs\CloudC\cp1\database\dbConn.php on line 10
[21-Feb-2025 10:01:25 Asia/Singapore] PHP Fatal error:  Uncaught Error: Class "mysqli" not found in C:\Users\user\Documents\SITstuffs\CloudC\cp1\database\dbConn.php:10
Stack trace:
#0 C:\Users\user\Documents\SITstuffs\CloudC\cp1\index.php(17): getDbConnection()
#1 {main}
  thrown in C:\Users\user\Documents\SITstuffs\CloudC\cp1\database\dbConn.php on line 10
[21-Feb-2025 10:01:26 Asia/Singapore] PHP Fatal error:  Uncaught Error: Class "mysqli" not found in C:\Users\user\Documents\SITstuffs\CloudC\cp1\database\dbConn.php:10
Stack trace:
#0 C:\Users\user\Documents\SITstuffs\CloudC\cp1\index.php(17): getDbConnection()
#1 {main}
  thrown in C:\Users\user\Documents\SITstuffs\CloudC\cp1\database\dbConn.php on line 10
[21-Feb-2025 10:01:27 Asia/Singapore] PHP Fatal error:  Uncaught Error: Class "mysqli" not found in C:\Users\user\Documents\SITstuffs\CloudC\cp1\database\dbConn.php:10
Stack trace:
#0 C:\Users\user\Documents\SITstuffs\CloudC\cp1\index.php(17): getDbConnection()
#1 {main}
  thrown in C:\Users\user\Documents\SITstuffs\CloudC\cp1\database\dbConn.php on line 10
[21-Feb-2025 10:01:28 Asia/Singapore] PHP Fatal error:  Uncaught Error: Class "mysqli" not found in C:\Users\user\Documents\SITstuffs\CloudC\cp1\database\dbConn.php:10
Stack trace:
#0 C:\Users\user\Documents\SITstuffs\CloudC\cp1\index.php(17): getDbConnection()
#1 {main}
  thrown in C:\Users\user\Documents\SITstuffs\CloudC\cp1\database\dbConn.php on line 10
