[21-Feb-2025 10:14:04 Asia/Singapore] Database connection failed: SQLSTATE[HY000] [1049] Unknown database 'tutoring_system'
[21-Feb-2025 10:14:04 Asia/Singapore] PHP Fatal error:  Uncaught Error: Class "SQLite3" not found in C:\Users\user\Documents\SITstuffs\CloudC\cp1\database\DatabaseManager.php:28
Stack trace:
#0 C:\Users\user\Documents\SITstuffs\CloudC\cp1\database\DatabaseManager.php(17): DatabaseManager->initializeSQLite()
#1 C:\Users\user\Documents\SITstuffs\CloudC\cp1\database\DatabaseManager.php(102): DatabaseManager->__construct()
#2 C:\Users\user\Documents\SITstuffs\CloudC\cp1\index.php(19): DatabaseManager::getInstance()
#3 {main}
  thrown in C:\Users\user\Documents\SITstuffs\CloudC\cp1\database\DatabaseManager.php on line 28
[21-Feb-2025 10:14:04 Asia/Singapore] Database connection failed: SQLSTATE[HY000] [1049] Unknown database 'tutoring_system'
[21-Feb-2025 10:14:04 Asia/Singapore] PHP Fatal error:  Uncaught Error: Class "SQLite3" not found in C:\Users\user\Documents\SITstuffs\CloudC\cp1\database\DatabaseManager.php:28
Stack trace:
#0 C:\Users\user\Documents\SITstuffs\CloudC\cp1\database\DatabaseManager.php(17): DatabaseManager->initializeSQLite()
#1 C:\Users\user\Documents\SITstuffs\CloudC\cp1\database\DatabaseManager.php(102): DatabaseManager->__construct()
#2 C:\Users\user\Documents\SITstuffs\CloudC\cp1\index.php(19): DatabaseManager::getInstance()
#3 {main}
  thrown in C:\Users\user\Documents\SITstuffs\CloudC\cp1\database\DatabaseManager.php on line 28
[21-Feb-2025 10:14:05 Asia/Singapore] Database connection failed: SQLSTATE[HY000] [1049] Unknown database 'tutoring_system'
[21-Feb-2025 10:14:05 Asia/Singapore] PHP Fatal error:  Uncaught Error: Class "SQLite3" not found in C:\Users\user\Documents\SITstuffs\CloudC\cp1\database\DatabaseManager.php:28
Stack trace:
#0 C:\Users\user\Documents\SITstuffs\CloudC\cp1\database\DatabaseManager.php(17): DatabaseManager->initializeSQLite()
#1 C:\Users\user\Documents\SITstuffs\CloudC\cp1\database\DatabaseManager.php(102): DatabaseManager->__construct()
#2 C:\Users\user\Documents\SITstuffs\CloudC\cp1\index.php(19): DatabaseManager::getInstance()
#3 {main}
  thrown in C:\Users\user\Documents\SITstuffs\CloudC\cp1\database\DatabaseManager.php on line 28
[21-Feb-2025 10:14:06 Asia/Singapore] Database connection failed: SQLSTATE[HY000] [1049] Unknown database 'tutoring_system'
[21-Feb-2025 10:14:06 Asia/Singapore] PHP Fatal error:  Uncaught Error: Class "SQLite3" not found in C:\Users\user\Documents\SITstuffs\CloudC\cp1\database\DatabaseManager.php:28
Stack trace:
#0 C:\Users\user\Documents\SITstuffs\CloudC\cp1\database\DatabaseManager.php(17): DatabaseManager->initializeSQLite()
#1 C:\Users\user\Documents\SITstuffs\CloudC\cp1\database\DatabaseManager.php(102): DatabaseManager->__construct()
#2 C:\Users\user\Documents\SITstuffs\CloudC\cp1\index.php(19): DatabaseManager::getInstance()
#3 {main}
  thrown in C:\Users\user\Documents\SITstuffs\CloudC\cp1\database\DatabaseManager.php on line 28
[21-Feb-2025 10:14:06 Asia/Singapore] Database connection failed: SQLSTATE[HY000] [1049] Unknown database 'tutoring_system'
[21-Feb-2025 10:14:06 Asia/Singapore] PHP Fatal error:  Uncaught Error: Class "SQLite3" not found in C:\Users\user\Documents\SITstuffs\CloudC\cp1\database\DatabaseManager.php:28
Stack trace:
#0 C:\Users\user\Documents\SITstuffs\CloudC\cp1\database\DatabaseManager.php(17): DatabaseManager->initializeSQLite()
#1 C:\Users\user\Documents\SITstuffs\CloudC\cp1\database\DatabaseManager.php(102): DatabaseManager->__construct()
#2 C:\Users\user\Documents\SITstuffs\CloudC\cp1\index.php(19): DatabaseManager::getInstance()
#3 {main}
  thrown in C:\Users\user\Documents\SITstuffs\CloudC\cp1\database\DatabaseManager.php on line 28
[21-Feb-2025 10:14:08 Asia/Singapore] Database connection failed: SQLSTATE[HY000] [1049] Unknown database 'tutoring_system'
[21-Feb-2025 10:14:08 Asia/Singapore] PHP Fatal error:  Uncaught Error: Class "SQLite3" not found in C:\Users\user\Documents\SITstuffs\CloudC\cp1\database\DatabaseManager.php:28
Stack trace:
#0 C:\Users\user\Documents\SITstuffs\CloudC\cp1\database\DatabaseManager.php(17): DatabaseManager->initializeSQLite()
#1 C:\Users\user\Documents\SITstuffs\CloudC\cp1\database\DatabaseManager.php(102): DatabaseManager->__construct()
#2 C:\Users\user\Documents\SITstuffs\CloudC\cp1\index.php(19): DatabaseManager::getInstance()
#3 {main}
  thrown in C:\Users\user\Documents\SITstuffs\CloudC\cp1\database\DatabaseManager.php on line 28
[21-Feb-2025 10:14:45 Asia/Singapore] Database connection failed: SQLSTATE[HY000] [1049] Unknown database 'tutoring_system'
[21-Feb-2025 10:14:45 Asia/Singapore] PHP Fatal error:  Uncaught Error: Class "SQLite3" not found in C:\Users\user\Documents\SITstuffs\CloudC\cp1\database\DatabaseManager.php:28
Stack trace:
#0 C:\Users\user\Documents\SITstuffs\CloudC\cp1\database\DatabaseManager.php(17): DatabaseManager->initializeSQLite()
#1 C:\Users\user\Documents\SITstuffs\CloudC\cp1\database\DatabaseManager.php(102): DatabaseManager->__construct()
#2 C:\Users\user\Documents\SITstuffs\CloudC\cp1\index.php(19): DatabaseManager::getInstance()
#3 {main}
  thrown in C:\Users\user\Documents\SITstuffs\CloudC\cp1\database\DatabaseManager.php on line 28
[21-Feb-2025 10:14:48 Asia/Singapore] Database connection failed: SQLSTATE[HY000] [1049] Unknown database 'tutoring_system'
[21-Feb-2025 10:14:48 Asia/Singapore] PHP Fatal error:  Uncaught Error: Class "SQLite3" not found in C:\Users\user\Documents\SITstuffs\CloudC\cp1\database\DatabaseManager.php:28
Stack trace:
#0 C:\Users\user\Documents\SITstuffs\CloudC\cp1\database\DatabaseManager.php(17): DatabaseManager->initializeSQLite()
#1 C:\Users\user\Documents\SITstuffs\CloudC\cp1\database\DatabaseManager.php(102): DatabaseManager->__construct()
#2 C:\Users\user\Documents\SITstuffs\CloudC\cp1\index.php(19): DatabaseManager::getInstance()
#3 {main}
  thrown in C:\Users\user\Documents\SITstuffs\CloudC\cp1\database\DatabaseManager.php on line 28
[21-Feb-2025 10:15:51 Asia/Singapore] Database connection failed: SQLSTATE[HY000] [1049] Unknown database 'tutoring_system'
[21-Feb-2025 10:15:51 Asia/Singapore] PHP Fatal error:  Uncaught Error: Class "SQLite3" not found in C:\Users\user\Documents\SITstuffs\CloudC\cp1\database\DatabaseManager.php:28
Stack trace:
#0 C:\Users\user\Documents\SITstuffs\CloudC\cp1\database\DatabaseManager.php(17): DatabaseManager->initializeSQLite()
#1 C:\Users\user\Documents\SITstuffs\CloudC\cp1\database\DatabaseManager.php(102): DatabaseManager->__construct()
#2 C:\Users\user\Documents\SITstuffs\CloudC\cp1\index.php(19): DatabaseManager::getInstance()
#3 {main}
  thrown in C:\Users\user\Documents\SITstuffs\CloudC\cp1\database\DatabaseManager.php on line 28
[21-Feb-2025 10:15:56 Asia/Singapore] Database connection failed: SQLSTATE[HY000] [1049] Unknown database 'tutoring_system'
[21-Feb-2025 10:15:56 Asia/Singapore] PHP Fatal error:  Uncaught Error: Class "SQLite3" not found in C:\Users\user\Documents\SITstuffs\CloudC\cp1\database\DatabaseManager.php:28
Stack trace:
#0 C:\Users\user\Documents\SITstuffs\CloudC\cp1\database\DatabaseManager.php(17): DatabaseManager->initializeSQLite()
#1 C:\Users\user\Documents\SITstuffs\CloudC\cp1\database\DatabaseManager.php(102): DatabaseManager->__construct()
#2 C:\Users\user\Documents\SITstuffs\CloudC\cp1\index.php(19): DatabaseManager::getInstance()
#3 {main}
  thrown in C:\Users\user\Documents\SITstuffs\CloudC\cp1\database\DatabaseManager.php on line 28
[21-Feb-2025 10:15:56 Asia/Singapore] Database connection failed: SQLSTATE[HY000] [1049] Unknown database 'tutoring_system'
[21-Feb-2025 10:15:56 Asia/Singapore] PHP Fatal error:  Uncaught Error: Class "SQLite3" not found in C:\Users\user\Documents\SITstuffs\CloudC\cp1\database\DatabaseManager.php:28
Stack trace:
#0 C:\Users\user\Documents\SITstuffs\CloudC\cp1\database\DatabaseManager.php(17): DatabaseManager->initializeSQLite()
#1 C:\Users\user\Documents\SITstuffs\CloudC\cp1\database\DatabaseManager.php(102): DatabaseManager->__construct()
#2 C:\Users\user\Documents\SITstuffs\CloudC\cp1\index.php(19): DatabaseManager::getInstance()
#3 {main}
  thrown in C:\Users\user\Documents\SITstuffs\CloudC\cp1\database\DatabaseManager.php on line 28
[21-Feb-2025 10:16:26 Asia/Singapore] Database connection failed: SQLSTATE[HY000] [1049] Unknown database 'tutoring_system'
[21-Feb-2025 10:16:26 Asia/Singapore] PHP Fatal error:  Uncaught Error: Class "SQLite3" not found in C:\Users\user\Documents\SITstuffs\CloudC\cp1\database\DatabaseManager.php:28
Stack trace:
#0 C:\Users\user\Documents\SITstuffs\CloudC\cp1\database\DatabaseManager.php(17): DatabaseManager->initializeSQLite()
#1 C:\Users\user\Documents\SITstuffs\CloudC\cp1\database\DatabaseManager.php(102): DatabaseManager->__construct()
#2 C:\Users\user\Documents\SITstuffs\CloudC\cp1\index.php(19): DatabaseManager::getInstance()
#3 {main}
  thrown in C:\Users\user\Documents\SITstuffs\CloudC\cp1\database\DatabaseManager.php on line 28
[21-Feb-2025 10:16:27 Asia/Singapore] Database connection failed: SQLSTATE[HY000] [1049] Unknown database 'tutoring_system'
[21-Feb-2025 10:16:27 Asia/Singapore] PHP Fatal error:  Uncaught Error: Class "SQLite3" not found in C:\Users\user\Documents\SITstuffs\CloudC\cp1\database\DatabaseManager.php:28
Stack trace:
#0 C:\Users\user\Documents\SITstuffs\CloudC\cp1\database\DatabaseManager.php(17): DatabaseManager->initializeSQLite()
#1 C:\Users\user\Documents\SITstuffs\CloudC\cp1\database\DatabaseManager.php(102): DatabaseManager->__construct()
#2 C:\Users\user\Documents\SITstuffs\CloudC\cp1\index.php(19): DatabaseManager::getInstance()
#3 {main}
  thrown in C:\Users\user\Documents\SITstuffs\CloudC\cp1\database\DatabaseManager.php on line 28
[21-Feb-2025 10:16:28 Asia/Singapore] Database connection failed: SQLSTATE[HY000] [1049] Unknown database 'tutoring_system'
[21-Feb-2025 10:16:28 Asia/Singapore] PHP Fatal error:  Uncaught Error: Class "SQLite3" not found in C:\Users\user\Documents\SITstuffs\CloudC\cp1\database\DatabaseManager.php:28
Stack trace:
#0 C:\Users\user\Documents\SITstuffs\CloudC\cp1\database\DatabaseManager.php(17): DatabaseManager->initializeSQLite()
#1 C:\Users\user\Documents\SITstuffs\CloudC\cp1\database\DatabaseManager.php(102): DatabaseManager->__construct()
#2 C:\Users\user\Documents\SITstuffs\CloudC\cp1\index.php(19): DatabaseManager::getInstance()
#3 {main}
  thrown in C:\Users\user\Documents\SITstuffs\CloudC\cp1\database\DatabaseManager.php on line 28
[21-Feb-2025 10:16:28 Asia/Singapore] Database connection failed: SQLSTATE[HY000] [1049] Unknown database 'tutoring_system'
[21-Feb-2025 10:16:28 Asia/Singapore] PHP Fatal error:  Uncaught Error: Class "SQLite3" not found in C:\Users\user\Documents\SITstuffs\CloudC\cp1\database\DatabaseManager.php:28
Stack trace:
#0 C:\Users\user\Documents\SITstuffs\CloudC\cp1\database\DatabaseManager.php(17): DatabaseManager->initializeSQLite()
#1 C:\Users\user\Documents\SITstuffs\CloudC\cp1\database\DatabaseManager.php(102): DatabaseManager->__construct()
#2 C:\Users\user\Documents\SITstuffs\CloudC\cp1\index.php(19): DatabaseManager::getInstance()
#3 {main}
  thrown in C:\Users\user\Documents\SITstuffs\CloudC\cp1\database\DatabaseManager.php on line 28
[21-Feb-2025 10:16:29 Asia/Singapore] Database connection failed: SQLSTATE[HY000] [1049] Unknown database 'tutoring_system'
[21-Feb-2025 10:16:29 Asia/Singapore] PHP Fatal error:  Uncaught Error: Class "SQLite3" not found in C:\Users\user\Documents\SITstuffs\CloudC\cp1\database\DatabaseManager.php:28
Stack trace:
#0 C:\Users\user\Documents\SITstuffs\CloudC\cp1\database\DatabaseManager.php(17): DatabaseManager->initializeSQLite()
#1 C:\Users\user\Documents\SITstuffs\CloudC\cp1\database\DatabaseManager.php(102): DatabaseManager->__construct()
#2 C:\Users\user\Documents\SITstuffs\CloudC\cp1\index.php(19): DatabaseManager::getInstance()
#3 {main}
  thrown in C:\Users\user\Documents\SITstuffs\CloudC\cp1\database\DatabaseManager.php on line 28
[21-Feb-2025 10:16:30 Asia/Singapore] Database connection failed: SQLSTATE[HY000] [1049] Unknown database 'tutoring_system'
[21-Feb-2025 10:16:30 Asia/Singapore] PHP Fatal error:  Uncaught Error: Class "SQLite3" not found in C:\Users\user\Documents\SITstuffs\CloudC\cp1\database\DatabaseManager.php:28
Stack trace:
#0 C:\Users\user\Documents\SITstuffs\CloudC\cp1\database\DatabaseManager.php(17): DatabaseManager->initializeSQLite()
#1 C:\Users\user\Documents\SITstuffs\CloudC\cp1\database\DatabaseManager.php(102): DatabaseManager->__construct()
#2 C:\Users\user\Documents\SITstuffs\CloudC\cp1\index.php(19): DatabaseManager::getInstance()
#3 {main}
  thrown in C:\Users\user\Documents\SITstuffs\CloudC\cp1\database\DatabaseManager.php on line 28
[21-Feb-2025 10:16:30 Asia/Singapore] Database connection failed: SQLSTATE[HY000] [1049] Unknown database 'tutoring_system'
[21-Feb-2025 10:16:30 Asia/Singapore] PHP Fatal error:  Uncaught Error: Class "SQLite3" not found in C:\Users\user\Documents\SITstuffs\CloudC\cp1\database\DatabaseManager.php:28
Stack trace:
#0 C:\Users\user\Documents\SITstuffs\CloudC\cp1\database\DatabaseManager.php(17): DatabaseManager->initializeSQLite()
#1 C:\Users\user\Documents\SITstuffs\CloudC\cp1\database\DatabaseManager.php(102): DatabaseManager->__construct()
#2 C:\Users\user\Documents\SITstuffs\CloudC\cp1\index.php(19): DatabaseManager::getInstance()
#3 {main}
  thrown in C:\Users\user\Documents\SITstuffs\CloudC\cp1\database\DatabaseManager.php on line 28
[21-Feb-2025 10:23:39 Asia/Singapore] Database connection failed: SQLSTATE[HY000] [1049] Unknown database 'tutoring_system'
[21-Feb-2025 10:23:39 Asia/Singapore] PHP Fatal error:  Uncaught Error: Class "SQLite3" not found in C:\Users\user\Documents\SITstuffs\CloudC\cp1\database\DatabaseManager.php:28
Stack trace:
#0 C:\Users\user\Documents\SITstuffs\CloudC\cp1\database\DatabaseManager.php(17): DatabaseManager->initializeSQLite()
#1 C:\Users\user\Documents\SITstuffs\CloudC\cp1\database\DatabaseManager.php(102): DatabaseManager->__construct()
#2 C:\Users\user\Documents\SITstuffs\CloudC\cp1\index.php(19): DatabaseManager::getInstance()
#3 {main}
  thrown in C:\Users\user\Documents\SITstuffs\CloudC\cp1\database\DatabaseManager.php on line 28
[21-Feb-2025 10:23:46 Asia/Singapore] Database connection failed: SQLSTATE[HY000] [1049] Unknown database 'tutoring_system'
[21-Feb-2025 10:23:46 Asia/Singapore] PHP Fatal error:  Uncaught Error: Class "SQLite3" not found in C:\Users\user\Documents\SITstuffs\CloudC\cp1\database\DatabaseManager.php:28
Stack trace:
#0 C:\Users\user\Documents\SITstuffs\CloudC\cp1\database\DatabaseManager.php(17): DatabaseManager->initializeSQLite()
#1 C:\Users\user\Documents\SITstuffs\CloudC\cp1\database\DatabaseManager.php(102): DatabaseManager->__construct()
#2 C:\Users\user\Documents\SITstuffs\CloudC\cp1\index.php(19): DatabaseManager::getInstance()
#3 {main}
  thrown in C:\Users\user\Documents\SITstuffs\CloudC\cp1\database\DatabaseManager.php on line 28
[21-Feb-2025 10:24:10 Asia/Singapore] Database connection failed: SQLSTATE[HY000] [1049] Unknown database 'tutoring_system'
[21-Feb-2025 10:24:10 Asia/Singapore] PHP Fatal error:  Uncaught Error: Class "SQLite3" not found in C:\Users\user\Documents\SITstuffs\CloudC\cp1\database\DatabaseManager.php:28
Stack trace:
#0 C:\Users\user\Documents\SITstuffs\CloudC\cp1\database\DatabaseManager.php(17): DatabaseManager->initializeSQLite()
#1 C:\Users\user\Documents\SITstuffs\CloudC\cp1\database\DatabaseManager.php(102): DatabaseManager->__construct()
#2 C:\Users\user\Documents\SITstuffs\CloudC\cp1\index.php(23): DatabaseManager::getInstance()
#3 {main}
  thrown in C:\Users\user\Documents\SITstuffs\CloudC\cp1\database\DatabaseManager.php on line 28
[21-Feb-2025 10:24:30 Asia/Singapore] Database connection failed: SQLSTATE[HY000] [1049] Unknown database 'tutoring_system'
[21-Feb-2025 10:24:30 Asia/Singapore] PHP Fatal error:  Uncaught Error: Class "SQLite3" not found in C:\Users\user\Documents\SITstuffs\CloudC\cp1\database\DatabaseManager.php:28
Stack trace:
#0 C:\Users\user\Documents\SITstuffs\CloudC\cp1\database\DatabaseManager.php(17): DatabaseManager->initializeSQLite()
#1 C:\Users\user\Documents\SITstuffs\CloudC\cp1\database\DatabaseManager.php(102): DatabaseManager->__construct()
#2 C:\Users\user\Documents\SITstuffs\CloudC\cp1\index.php(23): DatabaseManager::getInstance()
#3 {main}
  thrown in C:\Users\user\Documents\SITstuffs\CloudC\cp1\database\DatabaseManager.php on line 28
[21-Feb-2025 10:32:48 Asia/Singapore] Database connection failed: SQLSTATE[HY000] [1049] Unknown database 'tutoring_system'
[21-Feb-2025 10:32:48 Asia/Singapore] PHP Fatal error:  Uncaught Error: Class "SQLite3" not found in C:\Users\user\Documents\SITstuffs\CloudC\cp1\database\DatabaseManager.php:28
Stack trace:
#0 C:\Users\user\Documents\SITstuffs\CloudC\cp1\database\DatabaseManager.php(17): DatabaseManager->initializeSQLite()
#1 C:\Users\user\Documents\SITstuffs\CloudC\cp1\database\DatabaseManager.php(102): DatabaseManager->__construct()
#2 C:\Users\user\Documents\SITstuffs\CloudC\cp1\index.php(23): DatabaseManager::getInstance()
#3 {main}
  thrown in C:\Users\user\Documents\SITstuffs\CloudC\cp1\database\DatabaseManager.php on line 28
[21-Feb-2025 10:40:38 Asia/Singapore] Database connection failed: SQLSTATE[HY000] [1049] Unknown database 'tutoring_system'
[21-Feb-2025 10:40:38 Asia/Singapore] PHP Fatal error:  Uncaught Error: Class "SQLite3" not found in C:\Users\user\Documents\SITstuffs\CloudC\cp1\database\DatabaseManager.php:28
Stack trace:
#0 C:\Users\user\Documents\SITstuffs\CloudC\cp1\database\DatabaseManager.php(17): DatabaseManager->initializeSQLite()
#1 C:\Users\user\Documents\SITstuffs\CloudC\cp1\database\DatabaseManager.php(102): DatabaseManager->__construct()
#2 C:\Users\user\Documents\SITstuffs\CloudC\cp1\index.php(25): DatabaseManager::getInstance()
#3 {main}
  thrown in C:\Users\user\Documents\SITstuffs\CloudC\cp1\database\DatabaseManager.php on line 28
[21-Feb-2025 10:40:40 Asia/Singapore] Database connection failed: SQLSTATE[HY000] [1049] Unknown database 'tutoring_system'
[21-Feb-2025 10:40:40 Asia/Singapore] PHP Fatal error:  Uncaught Error: Class "SQLite3" not found in C:\Users\user\Documents\SITstuffs\CloudC\cp1\database\DatabaseManager.php:28
Stack trace:
#0 C:\Users\user\Documents\SITstuffs\CloudC\cp1\database\DatabaseManager.php(17): DatabaseManager->initializeSQLite()
#1 C:\Users\user\Documents\SITstuffs\CloudC\cp1\database\DatabaseManager.php(102): DatabaseManager->__construct()
#2 C:\Users\user\Documents\SITstuffs\CloudC\cp1\index.php(25): DatabaseManager::getInstance()
#3 {main}
  thrown in C:\Users\user\Documents\SITstuffs\CloudC\cp1\database\DatabaseManager.php on line 28
[21-Feb-2025 10:41:06 Asia/Singapore] Database connection failed: SQLSTATE[HY000] [1049] Unknown database 'tutoring_system'
[21-Feb-2025 10:41:06 Asia/Singapore] PHP Fatal error:  Uncaught Error: Class "SQLite3" not found in C:\Users\user\Documents\SITstuffs\CloudC\cp1\database\DatabaseManager.php:28
Stack trace:
#0 C:\Users\user\Documents\SITstuffs\CloudC\cp1\database\DatabaseManager.php(17): DatabaseManager->initializeSQLite()
#1 C:\Users\user\Documents\SITstuffs\CloudC\cp1\database\DatabaseManager.php(102): DatabaseManager->__construct()
#2 C:\Users\user\Documents\SITstuffs\CloudC\cp1\index.php(29): DatabaseManager::getInstance()
#3 {main}
  thrown in C:\Users\user\Documents\SITstuffs\CloudC\cp1\database\DatabaseManager.php on line 28
[21-Feb-2025 10:41:18 Asia/Singapore] Database connection failed: SQLSTATE[HY000] [1049] Unknown database 'tutoring_system'
[21-Feb-2025 10:41:18 Asia/Singapore] PHP Fatal error:  Uncaught Error: Class "SQLite3" not found in C:\Users\user\Documents\SITstuffs\CloudC\cp1\database\DatabaseManager.php:28
Stack trace:
#0 C:\Users\user\Documents\SITstuffs\CloudC\cp1\database\DatabaseManager.php(17): DatabaseManager->initializeSQLite()
#1 C:\Users\user\Documents\SITstuffs\CloudC\cp1\database\DatabaseManager.php(102): DatabaseManager->__construct()
#2 C:\Users\user\Documents\SITstuffs\CloudC\cp1\index.php(29): DatabaseManager::getInstance()
#3 {main}
  thrown in C:\Users\user\Documents\SITstuffs\CloudC\cp1\database\DatabaseManager.php on line 28
[21-Feb-2025 10:42:48 Asia/Singapore] Database connection failed: SQLSTATE[HY000] [1049] Unknown database 'tutoring_system'
[21-Feb-2025 10:42:48 Asia/Singapore] PHP Fatal error:  Uncaught Error: Class "SQLite3" not found in C:\Users\user\Documents\SITstuffs\CloudC\cp1\database\DatabaseManager.php:31
Stack trace:
#0 C:\Users\user\Documents\SITstuffs\CloudC\cp1\database\DatabaseManager.php(19): DatabaseManager->initializeSQLite()
#1 C:\Users\user\Documents\SITstuffs\CloudC\cp1\database\DatabaseManager.php(108): DatabaseManager->__construct()
#2 C:\Users\user\Documents\SITstuffs\CloudC\cp1\index.php(29): DatabaseManager::getInstance()
#3 {main}
  thrown in C:\Users\user\Documents\SITstuffs\CloudC\cp1\database\DatabaseManager.php on line 31
[21-Feb-2025 10:46:38 Asia/Singapore] Database connection failed: SQLSTATE[HY000] [1049] Unknown database 'tutoring_system'
[21-Feb-2025 10:46:38 Asia/Singapore] PHP Fatal error:  Uncaught Error: Class "SQLite3" not found in C:\Users\user\Documents\SITstuffs\CloudC\cp1\database\DatabaseManager.php:31
Stack trace:
#0 C:\Users\user\Documents\SITstuffs\CloudC\cp1\database\DatabaseManager.php(19): DatabaseManager->initializeSQLite()
#1 C:\Users\user\Documents\SITstuffs\CloudC\cp1\database\DatabaseManager.php(108): DatabaseManager->__construct()
#2 C:\Users\user\Documents\SITstuffs\CloudC\cp1\index.php(29): DatabaseManager::getInstance()
#3 {main}
  thrown in C:\Users\user\Documents\SITstuffs\CloudC\cp1\database\DatabaseManager.php on line 31
[21-Feb-2025 10:46:44 Asia/Singapore] Database connection failed: SQLSTATE[HY000] [1049] Unknown database 'tutoring_system'
[21-Feb-2025 10:46:44 Asia/Singapore] PHP Fatal error:  Uncaught Error: Class "SQLite3" not found in C:\Users\user\Documents\SITstuffs\CloudC\cp1\database\DatabaseManager.php:31
Stack trace:
#0 C:\Users\user\Documents\SITstuffs\CloudC\cp1\database\DatabaseManager.php(19): DatabaseManager->initializeSQLite()
#1 C:\Users\user\Documents\SITstuffs\CloudC\cp1\database\DatabaseManager.php(108): DatabaseManager->__construct()
#2 C:\Users\user\Documents\SITstuffs\CloudC\cp1\index.php(29): DatabaseManager::getInstance()
#3 {main}
  thrown in C:\Users\user\Documents\SITstuffs\CloudC\cp1\database\DatabaseManager.php on line 31
[21-Feb-2025 10:46:44 Asia/Singapore] Database connection failed: SQLSTATE[HY000] [1049] Unknown database 'tutoring_system'
[21-Feb-2025 10:46:44 Asia/Singapore] PHP Fatal error:  Uncaught Error: Class "SQLite3" not found in C:\Users\user\Documents\SITstuffs\CloudC\cp1\database\DatabaseManager.php:31
Stack trace:
#0 C:\Users\user\Documents\SITstuffs\CloudC\cp1\database\DatabaseManager.php(19): DatabaseManager->initializeSQLite()
#1 C:\Users\user\Documents\SITstuffs\CloudC\cp1\database\DatabaseManager.php(108): DatabaseManager->__construct()
#2 C:\Users\user\Documents\SITstuffs\CloudC\cp1\index.php(29): DatabaseManager::getInstance()
#3 {main}
  thrown in C:\Users\user\Documents\SITstuffs\CloudC\cp1\database\DatabaseManager.php on line 31
[21-Feb-2025 10:46:48 Asia/Singapore] Database connection failed: SQLSTATE[HY000] [1049] Unknown database 'tutoring_system'
[21-Feb-2025 10:46:48 Asia/Singapore] PHP Fatal error:  Uncaught Error: Class "SQLite3" not found in C:\Users\user\Documents\SITstuffs\CloudC\cp1\database\DatabaseManager.php:31
Stack trace:
#0 C:\Users\user\Documents\SITstuffs\CloudC\cp1\database\DatabaseManager.php(19): DatabaseManager->initializeSQLite()
#1 C:\Users\user\Documents\SITstuffs\CloudC\cp1\database\DatabaseManager.php(108): DatabaseManager->__construct()
#2 C:\Users\user\Documents\SITstuffs\CloudC\cp1\index.php(29): DatabaseManager::getInstance()
#3 {main}
  thrown in C:\Users\user\Documents\SITstuffs\CloudC\cp1\database\DatabaseManager.php on line 31
[21-Feb-2025 10:46:48 Asia/Singapore] Database connection failed: SQLSTATE[HY000] [1049] Unknown database 'tutoring_system'
[21-Feb-2025 10:46:48 Asia/Singapore] PHP Fatal error:  Uncaught Error: Class "SQLite3" not found in C:\Users\user\Documents\SITstuffs\CloudC\cp1\database\DatabaseManager.php:31
Stack trace:
#0 C:\Users\user\Documents\SITstuffs\CloudC\cp1\database\DatabaseManager.php(19): DatabaseManager->initializeSQLite()
#1 C:\Users\user\Documents\SITstuffs\CloudC\cp1\database\DatabaseManager.php(108): DatabaseManager->__construct()
#2 C:\Users\user\Documents\SITstuffs\CloudC\cp1\index.php(29): DatabaseManager::getInstance()
#3 {main}
  thrown in C:\Users\user\Documents\SITstuffs\CloudC\cp1\database\DatabaseManager.php on line 31
[21-Feb-2025 10:47:14 Asia/Singapore] Database connection failed: SQLSTATE[HY000] [1049] Unknown database 'tutoring_system'
[21-Feb-2025 10:47:14 Asia/Singapore] PHP Fatal error:  Uncaught Error: Class "SQLite3" not found in C:\Users\user\Documents\SITstuffs\CloudC\cp1\database\DatabaseManager.php:31
Stack trace:
#0 C:\Users\user\Documents\SITstuffs\CloudC\cp1\database\DatabaseManager.php(19): DatabaseManager->initializeSQLite()
#1 C:\Users\user\Documents\SITstuffs\CloudC\cp1\database\DatabaseManager.php(108): DatabaseManager->__construct()
#2 C:\Users\user\Documents\SITstuffs\CloudC\cp1\index.php(29): DatabaseManager::getInstance()
#3 {main}
  thrown in C:\Users\user\Documents\SITstuffs\CloudC\cp1\database\DatabaseManager.php on line 31
[21-Feb-2025 10:47:19 Asia/Singapore] Database connection failed: SQLSTATE[HY000] [1049] Unknown database 'tutoring_system'
[21-Feb-2025 10:47:19 Asia/Singapore] PHP Fatal error:  Uncaught Error: Class "SQLite3" not found in C:\Users\user\Documents\SITstuffs\CloudC\cp1\database\DatabaseManager.php:31
Stack trace:
#0 C:\Users\user\Documents\SITstuffs\CloudC\cp1\database\DatabaseManager.php(19): DatabaseManager->initializeSQLite()
#1 C:\Users\user\Documents\SITstuffs\CloudC\cp1\database\DatabaseManager.php(108): DatabaseManager->__construct()
#2 C:\Users\user\Documents\SITstuffs\CloudC\cp1\index.php(29): DatabaseManager::getInstance()
#3 {main}
  thrown in C:\Users\user\Documents\SITstuffs\CloudC\cp1\database\DatabaseManager.php on line 31
[21-Feb-2025 10:47:19 Asia/Singapore] Database connection failed: SQLSTATE[HY000] [1049] Unknown database 'tutoring_system'
[21-Feb-2025 10:47:19 Asia/Singapore] PHP Fatal error:  Uncaught Error: Class "SQLite3" not found in C:\Users\user\Documents\SITstuffs\CloudC\cp1\database\DatabaseManager.php:31
Stack trace:
#0 C:\Users\user\Documents\SITstuffs\CloudC\cp1\database\DatabaseManager.php(19): DatabaseManager->initializeSQLite()
#1 C:\Users\user\Documents\SITstuffs\CloudC\cp1\database\DatabaseManager.php(108): DatabaseManager->__construct()
#2 C:\Users\user\Documents\SITstuffs\CloudC\cp1\index.php(29): DatabaseManager::getInstance()
#3 {main}
  thrown in C:\Users\user\Documents\SITstuffs\CloudC\cp1\database\DatabaseManager.php on line 31
[21-Feb-2025 10:47:20 Asia/Singapore] Database connection failed: SQLSTATE[HY000] [1049] Unknown database 'tutoring_system'
[21-Feb-2025 10:47:20 Asia/Singapore] PHP Fatal error:  Uncaught Error: Class "SQLite3" not found in C:\Users\user\Documents\SITstuffs\CloudC\cp1\database\DatabaseManager.php:31
Stack trace:
#0 C:\Users\user\Documents\SITstuffs\CloudC\cp1\database\DatabaseManager.php(19): DatabaseManager->initializeSQLite()
#1 C:\Users\user\Documents\SITstuffs\CloudC\cp1\database\DatabaseManager.php(108): DatabaseManager->__construct()
#2 C:\Users\user\Documents\SITstuffs\CloudC\cp1\index.php(29): DatabaseManager::getInstance()
#3 {main}
  thrown in C:\Users\user\Documents\SITstuffs\CloudC\cp1\database\DatabaseManager.php on line 31
[21-Feb-2025 10:47:20 Asia/Singapore] Database connection failed: SQLSTATE[HY000] [1049] Unknown database 'tutoring_system'
[21-Feb-2025 10:47:20 Asia/Singapore] PHP Fatal error:  Uncaught Error: Class "SQLite3" not found in C:\Users\user\Documents\SITstuffs\CloudC\cp1\database\DatabaseManager.php:31
Stack trace:
#0 C:\Users\user\Documents\SITstuffs\CloudC\cp1\database\DatabaseManager.php(19): DatabaseManager->initializeSQLite()
#1 C:\Users\user\Documents\SITstuffs\CloudC\cp1\database\DatabaseManager.php(108): DatabaseManager->__construct()
#2 C:\Users\user\Documents\SITstuffs\CloudC\cp1\index.php(29): DatabaseManager::getInstance()
#3 {main}
  thrown in C:\Users\user\Documents\SITstuffs\CloudC\cp1\database\DatabaseManager.php on line 31
[21-Feb-2025 10:47:21 Asia/Singapore] Database connection failed: SQLSTATE[HY000] [1049] Unknown database 'tutoring_system'
[21-Feb-2025 10:47:21 Asia/Singapore] PHP Fatal error:  Uncaught Error: Class "SQLite3" not found in C:\Users\user\Documents\SITstuffs\CloudC\cp1\database\DatabaseManager.php:31
Stack trace:
#0 C:\Users\user\Documents\SITstuffs\CloudC\cp1\database\DatabaseManager.php(19): DatabaseManager->initializeSQLite()
#1 C:\Users\user\Documents\SITstuffs\CloudC\cp1\database\DatabaseManager.php(108): DatabaseManager->__construct()
#2 C:\Users\user\Documents\SITstuffs\CloudC\cp1\index.php(29): DatabaseManager::getInstance()
#3 {main}
  thrown in C:\Users\user\Documents\SITstuffs\CloudC\cp1\database\DatabaseManager.php on line 31
[21-Feb-2025 10:47:24 Asia/Singapore] Database connection failed: SQLSTATE[HY000] [1049] Unknown database 'tutoring_system'
[21-Feb-2025 10:47:24 Asia/Singapore] PHP Fatal error:  Uncaught Error: Class "SQLite3" not found in C:\Users\user\Documents\SITstuffs\CloudC\cp1\database\DatabaseManager.php:31
Stack trace:
#0 C:\Users\user\Documents\SITstuffs\CloudC\cp1\database\DatabaseManager.php(19): DatabaseManager->initializeSQLite()
#1 C:\Users\user\Documents\SITstuffs\CloudC\cp1\database\DatabaseManager.php(108): DatabaseManager->__construct()
#2 C:\Users\user\Documents\SITstuffs\CloudC\cp1\index.php(29): DatabaseManager::getInstance()
#3 {main}
  thrown in C:\Users\user\Documents\SITstuffs\CloudC\cp1\database\DatabaseManager.php on line 31
[21-Feb-2025 10:47:24 Asia/Singapore] Database connection failed: SQLSTATE[HY000] [1049] Unknown database 'tutoring_system'
[21-Feb-2025 10:47:24 Asia/Singapore] PHP Fatal error:  Uncaught Error: Class "SQLite3" not found in C:\Users\user\Documents\SITstuffs\CloudC\cp1\database\DatabaseManager.php:31
Stack trace:
#0 C:\Users\user\Documents\SITstuffs\CloudC\cp1\database\DatabaseManager.php(19): DatabaseManager->initializeSQLite()
#1 C:\Users\user\Documents\SITstuffs\CloudC\cp1\database\DatabaseManager.php(108): DatabaseManager->__construct()
#2 C:\Users\user\Documents\SITstuffs\CloudC\cp1\index.php(29): DatabaseManager::getInstance()
#3 {main}
  thrown in C:\Users\user\Documents\SITstuffs\CloudC\cp1\database\DatabaseManager.php on line 31
[21-Feb-2025 10:50:05 Asia/Singapore] Database connection failed: SQLSTATE[HY000] [1049] Unknown database 'tutoring_system'
[21-Feb-2025 10:50:05 Asia/Singapore] PHP Fatal error:  Uncaught Error: Class "SQLite3" not found in C:\Users\user\Documents\SITstuffs\CloudC\cp1\database\DatabaseManager.php:31
Stack trace:
#0 C:\Users\user\Documents\SITstuffs\CloudC\cp1\database\DatabaseManager.php(19): DatabaseManager->initializeSQLite()
#1 C:\Users\user\Documents\SITstuffs\CloudC\cp1\database\DatabaseManager.php(108): DatabaseManager->__construct()
#2 C:\Users\user\Documents\SITstuffs\CloudC\cp1\index.php(29): DatabaseManager::getInstance()
#3 {main}
  thrown in C:\Users\user\Documents\SITstuffs\CloudC\cp1\database\DatabaseManager.php on line 31
[21-Feb-2025 10:50:26 Asia/Singapore] Database connection failed: SQLSTATE[HY000] [1049] Unknown database 'tutoring_system'
[21-Feb-2025 10:50:26 Asia/Singapore] PHP Fatal error:  Uncaught Error: Class "SQLite3" not found in C:\Users\user\Documents\SITstuffs\CloudC\cp1\database\DatabaseManager.php:31
Stack trace:
#0 C:\Users\user\Documents\SITstuffs\CloudC\cp1\database\DatabaseManager.php(19): DatabaseManager->initializeSQLite()
#1 C:\Users\user\Documents\SITstuffs\CloudC\cp1\database\DatabaseManager.php(108): DatabaseManager->__construct()
#2 C:\Users\user\Documents\SITstuffs\CloudC\cp1\index.php(29): DatabaseManager::getInstance()
#3 {main}
  thrown in C:\Users\user\Documents\SITstuffs\CloudC\cp1\database\DatabaseManager.php on line 31
[21-Feb-2025 10:50:27 Asia/Singapore] Database connection failed: SQLSTATE[HY000] [1049] Unknown database 'tutoring_system'
[21-Feb-2025 10:50:27 Asia/Singapore] PHP Fatal error:  Uncaught Error: Class "SQLite3" not found in C:\Users\user\Documents\SITstuffs\CloudC\cp1\database\DatabaseManager.php:31
Stack trace:
#0 C:\Users\user\Documents\SITstuffs\CloudC\cp1\database\DatabaseManager.php(19): DatabaseManager->initializeSQLite()
#1 C:\Users\user\Documents\SITstuffs\CloudC\cp1\database\DatabaseManager.php(108): DatabaseManager->__construct()
#2 C:\Users\user\Documents\SITstuffs\CloudC\cp1\index.php(29): DatabaseManager::getInstance()
#3 {main}
  thrown in C:\Users\user\Documents\SITstuffs\CloudC\cp1\database\DatabaseManager.php on line 31
[21-Feb-2025 10:50:51 Asia/Singapore] Database connection failed: SQLSTATE[HY000] [1049] Unknown database 'tutoring_system'
[21-Feb-2025 10:50:51 Asia/Singapore] PHP Fatal error:  Uncaught Error: Class "SQLite3" not found in C:\Users\user\Documents\SITstuffs\CloudC\cp1\database\DatabaseManager.php:31
Stack trace:
#0 C:\Users\user\Documents\SITstuffs\CloudC\cp1\database\DatabaseManager.php(19): DatabaseManager->initializeSQLite()
#1 C:\Users\user\Documents\SITstuffs\CloudC\cp1\database\DatabaseManager.php(108): DatabaseManager->__construct()
#2 C:\Users\user\Documents\SITstuffs\CloudC\cp1\index.php(29): DatabaseManager::getInstance()
#3 {main}
  thrown in C:\Users\user\Documents\SITstuffs\CloudC\cp1\database\DatabaseManager.php on line 31
[21-Feb-2025 10:51:20 Asia/Singapore] Database connection failed: SQLSTATE[HY000] [1049] Unknown database 'tutoring_system'
[21-Feb-2025 10:51:20 Asia/Singapore] PHP Fatal error:  Uncaught Error: Class "SQLite3" not found in C:\Users\user\Documents\SITstuffs\CloudC\cp1\database\DatabaseManager.php:31
Stack trace:
#0 C:\Users\user\Documents\SITstuffs\CloudC\cp1\database\DatabaseManager.php(19): DatabaseManager->initializeSQLite()
#1 C:\Users\user\Documents\SITstuffs\CloudC\cp1\database\DatabaseManager.php(108): DatabaseManager->__construct()
#2 C:\Users\user\Documents\SITstuffs\CloudC\cp1\index.php(29): DatabaseManager::getInstance()
#3 {main}
  thrown in C:\Users\user\Documents\SITstuffs\CloudC\cp1\database\DatabaseManager.php on line 31
[21-Feb-2025 10:51:22 Asia/Singapore] Database connection failed: SQLSTATE[HY000] [1049] Unknown database 'tutoring_system'
[21-Feb-2025 10:51:22 Asia/Singapore] PHP Fatal error:  Uncaught Error: Class "SQLite3" not found in C:\Users\user\Documents\SITstuffs\CloudC\cp1\database\DatabaseManager.php:31
Stack trace:
#0 C:\Users\user\Documents\SITstuffs\CloudC\cp1\database\DatabaseManager.php(19): DatabaseManager->initializeSQLite()
#1 C:\Users\user\Documents\SITstuffs\CloudC\cp1\database\DatabaseManager.php(108): DatabaseManager->__construct()
#2 C:\Users\user\Documents\SITstuffs\CloudC\cp1\index.php(29): DatabaseManager::getInstance()
#3 {main}
  thrown in C:\Users\user\Documents\SITstuffs\CloudC\cp1\database\DatabaseManager.php on line 31
[21-Feb-2025 10:51:22 Asia/Singapore] Database connection failed: SQLSTATE[HY000] [1049] Unknown database 'tutoring_system'
[21-Feb-2025 10:51:22 Asia/Singapore] PHP Fatal error:  Uncaught Error: Class "SQLite3" not found in C:\Users\user\Documents\SITstuffs\CloudC\cp1\database\DatabaseManager.php:31
Stack trace:
#0 C:\Users\user\Documents\SITstuffs\CloudC\cp1\database\DatabaseManager.php(19): DatabaseManager->initializeSQLite()
#1 C:\Users\user\Documents\SITstuffs\CloudC\cp1\database\DatabaseManager.php(108): DatabaseManager->__construct()
#2 C:\Users\user\Documents\SITstuffs\CloudC\cp1\index.php(29): DatabaseManager::getInstance()
#3 {main}
  thrown in C:\Users\user\Documents\SITstuffs\CloudC\cp1\database\DatabaseManager.php on line 31
